[0.043s] Invoking command in '/home/mr/ros2_ws/src/build/my_cpp_pkg': CMAKE_PREFIX_PATH=${CMAKE_PREFIX_PATH}:/home/mr/ros2_ws/install/my_py_pkg:/opt/ros/jazzy DEBUGINFOD_URLS=https://debuginfod.ubuntu.com /usr/bin/cmake --build /home/mr/ros2_ws/src/build/my_cpp_pkg -- -j10 -l10
[0.722s] [ 50%] [32mBuilding CXX object CMakeFiles/cpp_node.dir/src/my_first_node.cpp.o[0m
[75.588s] [100%] [32m[1mLinking CXX executable cpp_node[0m
[99.692s] [100%] Built target cpp_node
[101.330s] Invoked command in '/home/mr/ros2_ws/src/build/my_cpp_pkg' returned '0': CMAKE_PREFIX_PATH=${CMAKE_PREFIX_PATH}:/home/mr/ros2_ws/install/my_py_pkg:/opt/ros/jazzy DEBUGINFOD_URLS=https://debuginfod.ubuntu.com /usr/bin/cmake --build /home/mr/ros2_ws/src/build/my_cpp_pkg -- -j10 -l10
[102.512s] Invoking command in '/home/mr/ros2_ws/src/build/my_cpp_pkg': CMAKE_PREFIX_PATH=${CMAKE_PREFIX_PATH}:/home/mr/ros2_ws/install/my_py_pkg:/opt/ros/jazzy DEBUGINFOD_URLS=https://debuginfod.ubuntu.com /usr/bin/cmake --install /home/mr/ros2_ws/src/build/my_cpp_pkg
[102.963s] -- Install configuration: ""
[103.224s] -- Installing: /home/mr/ros2_ws/src/install/my_cpp_pkg/lib/my_cpp_pkg/cpp_node
[103.224s] -- Set non-toolchain portion of runtime path of "/home/mr/ros2_ws/src/install/my_cpp_pkg/lib/my_cpp_pkg/cpp_node" to ""
[103.225s] -- Installing: /home/mr/ros2_ws/src/install/my_cpp_pkg/share/ament_index/resource_index/package_run_dependencies/my_cpp_pkg
[103.225s] -- Installing: /home/mr/ros2_ws/src/install/my_cpp_pkg/share/ament_index/resource_index/parent_prefix_path/my_cpp_pkg
[103.225s] -- Installing: /home/mr/ros2_ws/src/install/my_cpp_pkg/share/my_cpp_pkg/environment/ament_prefix_path.sh
[103.225s] -- Installing: /home/mr/ros2_ws/src/install/my_cpp_pkg/share/my_cpp_pkg/environment/ament_prefix_path.dsv
[103.225s] -- Installing: /home/mr/ros2_ws/src/install/my_cpp_pkg/share/my_cpp_pkg/environment/path.sh
[103.225s] -- Installing: /home/mr/ros2_ws/src/install/my_cpp_pkg/share/my_cpp_pkg/environment/path.dsv
[103.225s] -- Installing: /home/mr/ros2_ws/src/install/my_cpp_pkg/share/my_cpp_pkg/local_setup.bash
[103.225s] -- Installing: /home/mr/ros2_ws/src/install/my_cpp_pkg/share/my_cpp_pkg/local_setup.sh
[103.226s] -- Installing: /home/mr/ros2_ws/src/install/my_cpp_pkg/share/my_cpp_pkg/local_setup.zsh
[103.226s] -- Installing: /home/mr/ros2_ws/src/install/my_cpp_pkg/share/my_cpp_pkg/local_setup.dsv
[103.226s] -- Installing: /home/mr/ros2_ws/src/install/my_cpp_pkg/share/my_cpp_pkg/package.dsv
[103.421s] -- Installing: /home/mr/ros2_ws/src/install/my_cpp_pkg/share/ament_index/resource_index/packages/my_cpp_pkg
[103.422s] -- Installing: /home/mr/ros2_ws/src/install/my_cpp_pkg/share/my_cpp_pkg/cmake/my_cpp_pkgConfig.cmake
[103.422s] -- Installing: /home/mr/ros2_ws/src/install/my_cpp_pkg/share/my_cpp_pkg/cmake/my_cpp_pkgConfig-version.cmake
[103.443s] -- Installing: /home/mr/ros2_ws/src/install/my_cpp_pkg/share/my_cpp_pkg/package.xml
[103.589s] Invoked command in '/home/mr/ros2_ws/src/build/my_cpp_pkg' returned '0': CMAKE_PREFIX_PATH=${CMAKE_PREFIX_PATH}:/home/mr/ros2_ws/install/my_py_pkg:/opt/ros/jazzy DEBUGINFOD_URLS=https://debuginfod.ubuntu.com /usr/bin/cmake --install /home/mr/ros2_ws/src/build/my_cpp_pkg
